#
# There is insufficient memory for the Java Runtime Environment to continue.
# Native memory allocation (malloc) failed to allocate 1188496 bytes for Chunk::new
# Possible reasons:
#   The system is out of physical RAM or swap space
#   The process is running with CompressedOops enabled, and the Java Heap may be blocking the growth of the native heap
# Possible solutions:
#   Reduce memory load on the system
#   Increase physical memory or swap space
#   Check if swap backing store is full
#   Decrease Java heap size (-Xmx/-Xms)
#   Decrease number of Java threads
#   Decrease Java thread stack sizes (-Xss)
#   Set larger code cache with -XX:ReservedCodeCacheSize=
#   JVM is running with Unscaled Compressed Oops mode in which the Java heap is
#     placed in the first 4GB address space. The Java Heap base address is the
#     maximum limit for the native heap growth. Please use -XX:HeapBaseMinAddress
#     to set the Java Heap base and to place the Java Heap above 4GB virtual address.
# This output file may be truncated or incomplete.
#
#  Out of Memory Error (arena.cpp:168), pid=21564, tid=11248
#
# JRE version: Java(TM) SE Runtime Environment (21.0.5+9) (build 21.0.5+9-LTS-239)
# Java VM: Java HotSpot(TM) 64-Bit Server VM (21.0.5+9-LTS-239, mixed mode, sharing, tiered, compressed oops, compressed class ptrs, g1 gc, windows-amd64)
# No core dump will be written. Minidumps are not enabled by default on client versions of Windows
#

---------------  S U M M A R Y ------------

Command Line: -agentlib:jdwp=transport=dt_socket,address=127.0.0.1:56354,suspend=y,server=n -Dfile.encoding=UTF-8 -Dsun.stdout.encoding=UTF-8 -Dsun.stderr.encoding=UTF-8 com.dentpulse.dentalsystem.DentpulseBackendApplication

Host: AMD Ryzen 5 5500U with Radeon Graphics         , 12 cores, 7G,  Windows 11 , 64 bit Build 26100 (10.0.26100.7309)
Time: Mon Jan  5 03:30:01 2026 Sri Lanka Standard Time elapsed time: 49.475467 seconds (0d 0h 0m 49s)

---------------  T H R E A D  ---------------

Current thread (0x0000020eff58d140):  JavaThread "C2 CompilerThread0" daemon [_thread_in_native, id=11248, stack(0x000000c646700000,0x000000c646800000) (1024K)]


Current CompileTask:
C2:  49475 7382       4       java.lang.invoke.MethodType::makeImpl (109 bytes)

Stack: [0x000000c646700000,0x000000c646800000]
Native frames: (J=compiled Java code, j=interpreted, Vv=VM code, C=native code)
V  [jvm.dll+0x6ca289]
V  [jvm.dll+0x854a51]
V  [jvm.dll+0x856f7e]
V  [jvm.dll+0x857653]
V  [jvm.dll+0x27dd26]
V  [jvm.dll+0xc4c2d]
V  [jvm.dll+0xc5163]
V  [jvm.dll+0x3b4d02]
V  [jvm.dll+0x1df613]
V  [jvm.dll+0x246a62]
V  [jvm.dll+0x245eef]
V  [jvm.dll+0x1c6d0e]
V  [jvm.dll+0x2554d9]
V  [jvm.dll+0x253a6a]
V  [jvm.dll+0x3ee136]
V  [jvm.dll+0x7fee9b]
V  [jvm.dll+0x6c896d]
C  [ucrtbase.dll+0x37b0]
C  [KERNEL32.DLL+0x2e8d7]
C  [ntdll.dll+0x8c53c]


---------------  P R O C E S S  ---------------

Threads class SMR info:
_java_thread_list=0x0000020edecbcf30, length=34, elements={
0x0000020eff575770, 0x0000020eff5761c0, 0x0000020eff57a430, 0x0000020eff57b210,
0x0000020eff57d900, 0x0000020eff57e480, 0x0000020eff58d140, 0x0000020eff58e110,
0x0000020ed81b97a0, 0x0000020ed81c8bd0, 0x0000020ed81cd440, 0x0000020ed81d4eb0,
0x0000020ed81e7f80, 0x0000020eda49c190, 0x0000020edcbe48c0, 0x0000020edc56adf0,
0x0000020edc569a40, 0x0000020edab4c730, 0x0000020edab4acf0, 0x0000020edab4b380,
0x0000020edab4c0a0, 0x0000020edab492b0, 0x0000020edab4ba10, 0x0000020edab49940,
0x0000020edc56a760, 0x0000020ed8d8a020, 0x0000020ed8d885e0, 0x0000020ed8d8a6b0,
0x0000020ed8d8ba60, 0x0000020ed8d89990, 0x0000020ed8d8ad40, 0x0000020ed8d8b3d0,
0x0000020ed8d8c0f0, 0x0000020edbe55900
}

Java Threads: ( => current thread )
  0x0000020eff575770 JavaThread "Reference Handler"          daemon [_thread_blocked, id=70908, stack(0x000000c646100000,0x000000c646200000) (1024K)]
  0x0000020eff5761c0 JavaThread "Finalizer"                  daemon [_thread_blocked, id=21876, stack(0x000000c646200000,0x000000c646300000) (1024K)]
  0x0000020eff57a430 JavaThread "Signal Dispatcher"          daemon [_thread_blocked, id=28048, stack(0x000000c646300000,0x000000c646400000) (1024K)]
  0x0000020eff57b210 JavaThread "Attach Listener"            daemon [_thread_blocked, id=29112, stack(0x000000c646400000,0x000000c646500000) (1024K)]
  0x0000020eff57d900 JavaThread "Service Thread"             daemon [_thread_blocked, id=43284, stack(0x000000c646500000,0x000000c646600000) (1024K)]
  0x0000020eff57e480 JavaThread "Monitor Deflation Thread"   daemon [_thread_blocked, id=11912, stack(0x000000c646600000,0x000000c646700000) (1024K)]
=>0x0000020eff58d140 JavaThread "C2 CompilerThread0"         daemon [_thread_in_native, id=11248, stack(0x000000c646700000,0x000000c646800000) (1024K)]
  0x0000020eff58e110 JavaThread "C1 CompilerThread0"         daemon [_thread_blocked, id=65100, stack(0x000000c646800000,0x000000c646900000) (1024K)]
  0x0000020ed81b97a0 JavaThread "JDWP Transport Listener: dt_socket" daemon [_thread_blocked, id=19416, stack(0x000000c646900000,0x000000c646a00000) (1024K)]
  0x0000020ed81c8bd0 JavaThread "JDWP Event Helper Thread"   daemon [_thread_blocked, id=56724, stack(0x000000c646a00000,0x000000c646b00000) (1024K)]
  0x0000020ed81cd440 JavaThread "JDWP Command Reader"        daemon [_thread_in_native, id=13080, stack(0x000000c646b00000,0x000000c646c00000) (1024K)]
  0x0000020ed81d4eb0 JavaThread "Notification Thread"        daemon [_thread_blocked, id=40212, stack(0x000000c646c00000,0x000000c646d00000) (1024K)]
  0x0000020ed81e7f80 JavaThread "Common-Cleaner"             daemon [_thread_blocked, id=6320, stack(0x000000c646d00000,0x000000c646e00000) (1024K)]
  0x0000020eda49c190 JavaThread "mysql-cj-abandoned-connection-cleanup" daemon [_thread_blocked, id=25952, stack(0x000000c647a00000,0x000000c647b00000) (1024K)]
  0x0000020edcbe48c0 JavaThread "HikariPool-1:housekeeper"   daemon [_thread_blocked, id=38468, stack(0x000000c647e00000,0x000000c647f00000) (1024K)]
  0x0000020edc56adf0 JavaThread "Catalina-utility-1"                [_thread_blocked, id=56388, stack(0x000000c646e00000,0x000000c646f00000) (1024K)]
  0x0000020edc569a40 JavaThread "Catalina-utility-2"                [_thread_blocked, id=65932, stack(0x000000c648000000,0x000000c648100000) (1024K)]
  0x0000020edab4c730 JavaThread "container-0"                       [_thread_blocked, id=25020, stack(0x000000c648100000,0x000000c648200000) (1024K)]
  0x0000020edab4acf0 JavaThread "File Watcher"               daemon [_thread_blocked, id=29352, stack(0x000000c647f00000,0x000000c648000000) (1024K)]
  0x0000020edab4b380 JavaThread "Live Reload Server"         daemon [_thread_in_native, id=2712, stack(0x000000c648300000,0x000000c648400000) (1024K)]
  0x0000020edab4c0a0 JavaThread "http-nio-8080-exec-1"       daemon [_thread_blocked, id=40188, stack(0x000000c648200000,0x000000c648300000) (1024K)]
  0x0000020edab492b0 JavaThread "http-nio-8080-exec-2"       daemon [_thread_in_Java, id=45224, stack(0x000000c648400000,0x000000c648500000) (1024K)]
  0x0000020edab4ba10 JavaThread "http-nio-8080-exec-3"       daemon [_thread_blocked, id=68380, stack(0x000000c648500000,0x000000c648600000) (1024K)]
  0x0000020edab49940 JavaThread "http-nio-8080-exec-4"       daemon [_thread_blocked, id=25472, stack(0x000000c648600000,0x000000c648700000) (1024K)]
  0x0000020edc56a760 JavaThread "http-nio-8080-exec-5"       daemon [_thread_blocked, id=72336, stack(0x000000c648700000,0x000000c648800000) (1024K)]
  0x0000020ed8d8a020 JavaThread "http-nio-8080-exec-6"       daemon [_thread_blocked, id=14492, stack(0x000000c648800000,0x000000c648900000) (1024K)]
  0x0000020ed8d885e0 JavaThread "http-nio-8080-exec-7"       daemon [_thread_blocked, id=37128, stack(0x000000c648900000,0x000000c648a00000) (1024K)]
  0x0000020ed8d8a6b0 JavaThread "http-nio-8080-exec-8"       daemon [_thread_blocked, id=57780, stack(0x000000c648a00000,0x000000c648b00000) (1024K)]
  0x0000020ed8d8ba60 JavaThread "http-nio-8080-exec-9"       daemon [_thread_blocked, id=22936, stack(0x000000c648b00000,0x000000c648c00000) (1024K)]
  0x0000020ed8d89990 JavaThread "http-nio-8080-exec-10"      daemon [_thread_blocked, id=41224, stack(0x000000c648c00000,0x000000c648d00000) (1024K)]
  0x0000020ed8d8ad40 JavaThread "http-nio-8080-Poller"       daemon [_thread_in_native, id=49960, stack(0x000000c648d00000,0x000000c648e00000) (1024K)]
  0x0000020ed8d8b3d0 JavaThread "http-nio-8080-Acceptor"     daemon [_thread_in_native, id=36956, stack(0x000000c648e00000,0x000000c648f00000) (1024K)]
  0x0000020ed8d8c0f0 JavaThread "DestroyJavaVM"                     [_thread_blocked, id=55180, stack(0x000000c645900000,0x000000c645a00000) (1024K)]
  0x0000020edbe55900 JavaThread "C2 CompilerThread1"         daemon [_thread_in_native, id=34788, stack(0x000000c648f00000,0x000000c649000000) (1024K)]
Total: 34

Other Threads:
  0x0000020eff55b010 VMThread "VM Thread"                           [id=23656, stack(0x000000c646000000,0x000000c646100000) (1024K)]
  0x0000020eff548af0 WatcherThread "VM Periodic Task Thread"        [id=40328, stack(0x000000c645f00000,0x000000c646000000) (1024K)]
  0x0000020ef3bb9990 WorkerThread "GC Thread#0"                     [id=64292, stack(0x000000c645a00000,0x000000c645b00000) (1024K)]
  0x0000020ed8dc7fe0 WorkerThread "GC Thread#1"                     [id=69372, stack(0x000000c647100000,0x000000c647200000) (1024K)]
  0x0000020ed88550a0 WorkerThread "GC Thread#2"                     [id=3180, stack(0x000000c647200000,0x000000c647300000) (1024K)]
  0x0000020ed8855440 WorkerThread "GC Thread#3"                     [id=52076, stack(0x000000c647300000,0x000000c647400000) (1024K)]
  0x0000020ed8e8c450 WorkerThread "GC Thread#4"                     [id=26952, stack(0x000000c647400000,0x000000c647500000) (1024K)]
  0x0000020ed8e8c7f0 WorkerThread "GC Thread#5"                     [id=22036, stack(0x000000c647500000,0x000000c647600000) (1024K)]
  0x0000020ed91eecd0 WorkerThread "GC Thread#6"                     [id=24376, stack(0x000000c647600000,0x000000c647700000) (1024K)]
  0x0000020ed91ef070 WorkerThread "GC Thread#7"                     [id=60640, stack(0x000000c647700000,0x000000c647800000) (1024K)]
  0x0000020ed91ef410 WorkerThread "GC Thread#8"                     [id=57824, stack(0x000000c647800000,0x000000c647900000) (1024K)]
  0x0000020ed91ef7b0 WorkerThread "GC Thread#9"                     [id=54108, stack(0x000000c647900000,0x000000c647a00000) (1024K)]
  0x0000020ef3bcad90 ConcurrentGCThread "G1 Main Marker"            [id=27640, stack(0x000000c645b00000,0x000000c645c00000) (1024K)]
  0x0000020ef3bcb7a0 WorkerThread "G1 Conc#0"                       [id=51500, stack(0x000000c645c00000,0x000000c645d00000) (1024K)]
  0x0000020ed93c7770 WorkerThread "G1 Conc#1"                       [id=16504, stack(0x000000c647b00000,0x000000c647c00000) (1024K)]
  0x0000020ed93c7b10 WorkerThread "G1 Conc#2"                       [id=12512, stack(0x000000c647c00000,0x000000c647d00000) (1024K)]
  0x0000020eff41a0b0 ConcurrentGCThread "G1 Refine#0"               [id=42092, stack(0x000000c645d00000,0x000000c645e00000) (1024K)]
  0x0000020eff41aa30 ConcurrentGCThread "G1 Service"                [id=27888, stack(0x000000c645e00000,0x000000c645f00000) (1024K)]
Total: 18

Threads with active compile tasks:
C2 CompilerThread0    49505 7382       4       java.lang.invoke.MethodType::makeImpl (109 bytes)
C2 CompilerThread1    49505 7397 %     4       java.util.Properties$LineReader::readLine @ 293 (584 bytes)
Total: 2

VM state: not at safepoint (normal execution)

VM Mutex/Monitor currently owned by a thread: None

Heap address: 0x000000008ac00000, size: 1876 MB, Compressed Oops mode: 32-bit

CDS archive(s) mapped at: [0x0000020e93000000-0x0000020e93c90000-0x0000020e93c90000), size 13172736, SharedBaseAddress: 0x0000020e93000000, ArchiveRelocationMode: 1.
Compressed class space mapped at: 0x0000020e94000000-0x0000020ed4000000, reserved size: 1073741824
Narrow klass base: 0x0000020e93000000, Narrow klass shift: 0, Narrow klass range: 0x100000000

GC Precious Log:
 CardTable entry size: 512
 Card Set container configuration: InlinePtr #cards 5 size 8 Array Of Cards #cards 12 size 40 Howl #buckets 4 coarsen threshold 1843 Howl Bitmap #cards 512 size 80 coarsen threshold 460 Card regions per heap region 1 cards per card region 2048
 CPUs: 12 total, 12 available
 Memory: 7501M
 Large Page Support: Disabled
 NUMA Support: Disabled
 Compressed Oops: Enabled (32-bit)
 Heap Region Size: 1M
 Heap Min Capacity: 8M
 Heap Initial Capacity: 118M
 Heap Max Capacity: 1876M
 Pre-touch: Disabled
 Parallel Workers: 10
 Concurrent Workers: 3
 Concurrent Refinement Workers: 10
 Periodic GC: Disabled

Heap:
 garbage-first heap   total 82944K, used 63084K [0x000000008ac00000, 0x0000000100000000)
  region size 1024K, 20 young (20480K), 4 survivors (4096K)
 Metaspace       used 78956K, committed 79744K, reserved 1179648K
  class space    used 10859K, committed 11200K, reserved 1048576K

Heap Regions: E=young(eden), S=young(survivor), O=old, HS=humongous(starts), HC=humongous(continues), CS=collection set, F=free, TAMS=top-at-mark-start, PB=parsable bottom
|   0|0x000000008ac00000, 0x000000008ad00000, 0x000000008ad00000|100%|HS|  |TAMS 0x000000008ac00000| PB 0x000000008ac00000| Complete 
|   1|0x000000008ad00000, 0x000000008ae00000, 0x000000008ae00000|100%|HS|  |TAMS 0x000000008ad00000| PB 0x000000008ad00000| Complete 
|   2|0x000000008ae00000, 0x000000008af00000, 0x000000008af00000|100%| O|  |TAMS 0x000000008ae00000| PB 0x000000008ae00000| Untracked 
|   3|0x000000008af00000, 0x000000008b000000, 0x000000008b000000|100%| O|  |TAMS 0x000000008af00000| PB 0x000000008af00000| Untracked 
|   4|0x000000008b000000, 0x000000008b100000, 0x000000008b100000|100%| O|  |TAMS 0x000000008b000000| PB 0x000000008b000000| Untracked 
|   5|0x000000008b100000, 0x000000008b200000, 0x000000008b200000|100%| O|  |TAMS 0x000000008b100000| PB 0x000000008b100000| Untracked 
|   6|0x000000008b200000, 0x000000008b300000, 0x000000008b300000|100%| O|  |TAMS 0x000000008b200000| PB 0x000000008b200000| Untracked 
|   7|0x000000008b300000, 0x000000008b400000, 0x000000008b400000|100%| O|  |TAMS 0x000000008b300000| PB 0x000000008b300000| Untracked 
|   8|0x000000008b400000, 0x000000008b500000, 0x000000008b500000|100%| O|  |TAMS 0x000000008b400000| PB 0x000000008b400000| Untracked 
|   9|0x000000008b500000, 0x000000008b600000, 0x000000008b600000|100%| O|  |TAMS 0x000000008b500000| PB 0x000000008b500000| Untracked 
|  10|0x000000008b600000, 0x000000008b700000, 0x000000008b700000|100%| O|  |TAMS 0x000000008b600000| PB 0x000000008b600000| Untracked 
|  11|0x000000008b700000, 0x000000008b800000, 0x000000008b800000|100%| O|  |TAMS 0x000000008b700000| PB 0x000000008b700000| Untracked 
|  12|0x000000008b800000, 0x000000008b900000, 0x000000008b900000|100%| O|  |TAMS 0x000000008b800000| PB 0x000000008b800000| Untracked 
|  13|0x000000008b900000, 0x000000008ba00000, 0x000000008ba00000|100%| O|  |TAMS 0x000000008b900000| PB 0x000000008b900000| Untracked 
|  14|0x000000008ba00000, 0x000000008bb00000, 0x000000008bb00000|100%| O|  |TAMS 0x000000008ba00000| PB 0x000000008ba00000| Untracked 
|  15|0x000000008bb00000, 0x000000008bc00000, 0x000000008bc00000|100%| O|  |TAMS 0x000000008bb00000| PB 0x000000008bb00000| Untracked 
|  16|0x000000008bc00000, 0x000000008bd00000, 0x000000008bd00000|100%| O|  |TAMS 0x000000008bc00000| PB 0x000000008bc00000| Untracked 
|  17|0x000000008bd00000, 0x000000008be00000, 0x000000008be00000|100%| O|  |TAMS 0x000000008bd00000| PB 0x000000008bd00000| Untracked 
|  18|0x000000008be00000, 0x000000008bf00000, 0x000000008bf00000|100%| O|  |TAMS 0x000000008be00000| PB 0x000000008be00000| Untracked 
|  19|0x000000008bf00000, 0x000000008c000000, 0x000000008c000000|100%| O|  |TAMS 0x000000008bf00000| PB 0x000000008bf00000| Untracked 
|  20|0x000000008c000000, 0x000000008c100000, 0x000000008c100000|100%| O|  |TAMS 0x000000008c000000| PB 0x000000008c000000| Untracked 
|  21|0x000000008c100000, 0x000000008c200000, 0x000000008c200000|100%| O|  |TAMS 0x000000008c100000| PB 0x000000008c100000| Untracked 
|  22|0x000000008c200000, 0x000000008c300000, 0x000000008c300000|100%| O|  |TAMS 0x000000008c200000| PB 0x000000008c200000| Untracked 
|  23|0x000000008c300000, 0x000000008c400000, 0x000000008c400000|100%| O|  |TAMS 0x000000008c300000| PB 0x000000008c300000| Untracked 
|  24|0x000000008c400000, 0x000000008c500000, 0x000000008c500000|100%| O|  |TAMS 0x000000008c400000| PB 0x000000008c400000| Untracked 
|  25|0x000000008c500000, 0x000000008c600000, 0x000000008c600000|100%| O|  |TAMS 0x000000008c500000| PB 0x000000008c500000| Untracked 
|  26|0x000000008c600000, 0x000000008c700000, 0x000000008c700000|100%| O|  |TAMS 0x000000008c600000| PB 0x000000008c600000| Untracked 
|  27|0x000000008c700000, 0x000000008c800000, 0x000000008c800000|100%| O|  |TAMS 0x000000008c700000| PB 0x000000008c700000| Untracked 
|  28|0x000000008c800000, 0x000000008c900000, 0x000000008c900000|100%| O|  |TAMS 0x000000008c800000| PB 0x000000008c800000| Untracked 
|  29|0x000000008c900000, 0x000000008ca00000, 0x000000008ca00000|100%| O|  |TAMS 0x000000008c900000| PB 0x000000008c900000| Untracked 
|  30|0x000000008ca00000, 0x000000008cb00000, 0x000000008cb00000|100%| O|  |TAMS 0x000000008ca00000| PB 0x000000008ca00000| Untracked 
|  31|0x000000008cb00000, 0x000000008cc00000, 0x000000008cc00000|100%| O|Cm|TAMS 0x000000008cb00000| PB 0x000000008cb00000| Complete 
|  32|0x000000008cc00000, 0x000000008cd00000, 0x000000008cd00000|100%| O|  |TAMS 0x000000008cc00000| PB 0x000000008cc00000| Untracked 
|  33|0x000000008cd00000, 0x000000008cd00000, 0x000000008ce00000|  0%| F|  |TAMS 0x000000008cd00000| PB 0x000000008cd00000| Untracked 
|  34|0x000000008ce00000, 0x000000008ce00000, 0x000000008cf00000|  0%| F|  |TAMS 0x000000008ce00000| PB 0x000000008ce00000| Untracked 
|  35|0x000000008cf00000, 0x000000008d000000, 0x000000008d000000|100%| O|  |TAMS 0x000000008cf00000| PB 0x000000008cf00000| Untracked 
|  36|0x000000008d000000, 0x000000008d100000, 0x000000008d100000|100%| O|  |TAMS 0x000000008d000000| PB 0x000000008d000000| Untracked 
|  37|0x000000008d100000, 0x000000008d200000, 0x000000008d200000|100%| O|  |TAMS 0x000000008d100000| PB 0x000000008d100000| Untracked 
|  38|0x000000008d200000, 0x000000008d29b370, 0x000000008d300000| 60%| O|  |TAMS 0x000000008d200000| PB 0x000000008d200000| Untracked 
|  39|0x000000008d300000, 0x000000008d300000, 0x000000008d400000|  0%| F|  |TAMS 0x000000008d300000| PB 0x000000008d300000| Untracked 
|  40|0x000000008d400000, 0x000000008d400000, 0x000000008d500000|  0%| F|  |TAMS 0x000000008d400000| PB 0x000000008d400000| Untracked 
|  41|0x000000008d500000, 0x000000008d500000, 0x000000008d600000|  0%| F|  |TAMS 0x000000008d500000| PB 0x000000008d500000| Untracked 
|  42|0x000000008d600000, 0x000000008d600000, 0x000000008d700000|  0%| F|  |TAMS 0x000000008d600000| PB 0x000000008d600000| Untracked 
|  43|0x000000008d700000, 0x000000008d700000, 0x000000008d800000|  0%| F|  |TAMS 0x000000008d700000| PB 0x000000008d700000| Untracked 
|  44|0x000000008d800000, 0x000000008d900000, 0x000000008d900000|100%| S|CS|TAMS 0x000000008d800000| PB 0x000000008d800000| Complete 
|  45|0x000000008d900000, 0x000000008da00000, 0x000000008da00000|100%| S|CS|TAMS 0x000000008d900000| PB 0x000000008d900000| Complete 
|  46|0x000000008da00000, 0x000000008db00000, 0x000000008db00000|100%| S|CS|TAMS 0x000000008da00000| PB 0x000000008da00000| Complete 
|  47|0x000000008db00000, 0x000000008dc00000, 0x000000008dc00000|100%| S|CS|TAMS 0x000000008db00000| PB 0x000000008db00000| Complete 
|  48|0x000000008dc00000, 0x000000008dc00000, 0x000000008dd00000|  0%| F|  |TAMS 0x000000008dc00000| PB 0x000000008dc00000| Untracked 
|  49|0x000000008dd00000, 0x000000008dd00000, 0x000000008de00000|  0%| F|  |TAMS 0x000000008dd00000| PB 0x000000008dd00000| Untracked 
|  50|0x000000008de00000, 0x000000008de00000, 0x000000008df00000|  0%| F|  |TAMS 0x000000008de00000| PB 0x000000008de00000| Untracked 
|  51|0x000000008df00000, 0x000000008df00000, 0x000000008e000000|  0%| F|  |TAMS 0x000000008df00000| PB 0x000000008df00000| Untracked 
|  52|0x000000008e000000, 0x000000008e000000, 0x000000008e100000|  0%| F|  |TAMS 0x000000008e000000| PB 0x000000008e000000| Untracked 
|  53|0x000000008e100000, 0x000000008e100000, 0x000000008e200000|  0%| F|  |TAMS 0x000000008e100000| PB 0x000000008e100000| Untracked 
|  54|0x000000008e200000, 0x000000008e200000, 0x000000008e300000|  0%| F|  |TAMS 0x000000008e200000| PB 0x000000008e200000| Untracked 
|  55|0x000000008e300000, 0x000000008e300000, 0x000000008e400000|  0%| F|  |TAMS 0x000000008e300000| PB 0x000000008e300000| Untracked 
|  56|0x000000008e400000, 0x000000008e400000, 0x000000008e500000|  0%| F|  |TAMS 0x000000008e400000| PB 0x000000008e400000| Untracked 
|  57|0x000000008e500000, 0x000000008e500000, 0x000000008e600000|  0%| F|  |TAMS 0x000000008e500000| PB 0x000000008e500000| Untracked 
|  58|0x000000008e600000, 0x000000008e600000, 0x000000008e700000|  0%| F|  |TAMS 0x000000008e600000| PB 0x000000008e600000| Untracked 
|  59|0x000000008e700000, 0x000000008e800000, 0x000000008e800000|100%| E|  |TAMS 0x000000008e700000| PB 0x000000008e700000| Complete 
|  60|0x000000008e800000, 0x000000008e900000, 0x000000008e900000|100%| E|CS|TAMS 0x000000008e800000| PB 0x000000008e800000| Complete 
|  61|0x000000008e900000, 0x000000008ea00000, 0x000000008ea00000|100%| E|CS|TAMS 0x000000008e900000| PB 0x000000008e900000| Complete 
|  62|0x000000008ea00000, 0x000000008eb00000, 0x000000008eb00000|100%| E|CS|TAMS 0x000000008ea00000| PB 0x000000008ea00000| Complete 
|  63|0x000000008eb00000, 0x000000008ec00000, 0x000000008ec00000|100%| E|CS|TAMS 0x000000008eb00000| PB 0x000000008eb00000| Complete 
|  64|0x000000008ec00000, 0x000000008ed00000, 0x000000008ed00000|100%| E|CS|TAMS 0x000000008ec00000| PB 0x000000008ec00000| Complete 
|  65|0x000000008ed00000, 0x000000008ee00000, 0x000000008ee00000|100%| E|CS|TAMS 0x000000008ed00000| PB 0x000000008ed00000| Complete 
|  66|0x000000008ee00000, 0x000000008ef00000, 0x000000008ef00000|100%| E|CS|TAMS 0x000000008ee00000| PB 0x000000008ee00000| Complete 
|  67|0x000000008ef00000, 0x000000008f000000, 0x000000008f000000|100%| E|CS|TAMS 0x000000008ef00000| PB 0x000000008ef00000| Complete 
|  71|0x000000008f300000, 0x000000008f400000, 0x000000008f400000|100%| E|CS|TAMS 0x000000008f300000| PB 0x000000008f300000| Complete 
|  72|0x000000008f400000, 0x000000008f500000, 0x000000008f500000|100%| E|CS|TAMS 0x000000008f400000| PB 0x000000008f400000| Complete 
|  73|0x000000008f500000, 0x000000008f600000, 0x000000008f600000|100%| E|CS|TAMS 0x000000008f500000| PB 0x000000008f500000| Complete 
|  74|0x000000008f600000, 0x000000008f700000, 0x000000008f700000|100%| E|CS|TAMS 0x000000008f600000| PB 0x000000008f600000| Complete 
|  75|0x000000008f700000, 0x000000008f800000, 0x000000008f800000|100%| E|CS|TAMS 0x000000008f700000| PB 0x000000008f700000| Complete 
|  76|0x000000008f800000, 0x000000008f900000, 0x000000008f900000|100%| E|CS|TAMS 0x000000008f800000| PB 0x000000008f800000| Complete 
| 117|0x0000000092100000, 0x0000000092200000, 0x0000000092200000|100%| E|CS|TAMS 0x0000000092100000| PB 0x0000000092100000| Complete 
|1870|0x00000000ffa00000, 0x00000000ffb00000, 0x00000000ffb00000|100%| O|  |TAMS 0x00000000ffa00000| PB 0x00000000ffa00000| Untracked 
|1871|0x00000000ffb00000, 0x00000000ffc00000, 0x00000000ffc00000|100%| O|  |TAMS 0x00000000ffb00000| PB 0x00000000ffb00000| Untracked 
|1872|0x00000000ffc00000, 0x00000000ffd00000, 0x00000000ffd00000|100%| O|  |TAMS 0x00000000ffc00000| PB 0x00000000ffc00000| Untracked 
|1873|0x00000000ffd00000, 0x00000000ffe00000, 0x00000000ffe00000|100%| O|  |TAMS 0x00000000ffd00000| PB 0x00000000ffd00000| Untracked 
|1874|0x00000000ffe00000, 0x00000000fff00000, 0x00000000fff00000|100%| O|  |TAMS 0x00000000ffe00000| PB 0x00000000ffe00000| Untracked 
|1875|0x00000000fff00000, 0x0000000100000000, 0x0000000100000000|100%| O|  |TAMS 0x00000000fff00000| PB 0x00000000fff00000| Untracked 

Card table byte_map: [0x0000020efe7f0000,0x0000020efeba0000] _byte_map_base: 0x0000020efe39a000

Marking Bits: (CMBitMap*) 0x0000020ef3bbabb0
 Bits: [0x0000020e8f000000, 0x0000020e90d50000)

Polling page: 0x0000020ef3af0000

Metaspace:

Usage:
  Non-class:     66.51 MB used.
      Class:     10.61 MB used.
       Both:     77.12 MB used.

Virtual space:
  Non-class space:      128.00 MB reserved,      66.94 MB ( 52%) committed,  2 nodes.
      Class space:        1.00 GB reserved,      10.94 MB (  1%) committed,  1 nodes.
             Both:        1.12 GB reserved,      77.88 MB (  7%) committed. 

Chunk freelists:
   Non-Class:  13.09 MB
       Class:  5.03 MB
        Both:  18.12 MB

MaxMetaspaceSize: unlimited
CompressedClassSpaceSize: 1.00 GB
Initial GC threshold: 21.00 MB
Current GC threshold: 125.75 MB
CDS: on
 - commit_granule_bytes: 65536.
 - commit_granule_words: 8192.
 - virtual_space_node_default_size: 8388608.
 - enlarge_chunks_in_place: 1.
 - use_allocation_guard: 0.


Internal statistics:

num_allocs_failed_limit: 9.
num_arena_births: 1070.
num_arena_deaths: 0.
num_vsnodes_births: 3.
num_vsnodes_deaths: 0.
num_space_committed: 1245.
num_space_uncommitted: 0.
num_chunks_returned_to_freelist: 9.
num_chunks_taken_from_freelist: 4035.
num_chunk_merges: 6.
num_chunk_splits: 2902.
num_chunks_enlarged: 2225.
num_inconsistent_stats: 0.

CodeHeap 'non-profiled nmethods': size=120000Kb used=4711Kb max_used=4907Kb free=115288Kb
 bounds [0x0000020e87ad0000, 0x0000020e87fa0000, 0x0000020e8f000000]
CodeHeap 'profiled nmethods': size=120000Kb used=12291Kb max_used=12649Kb free=107708Kb
 bounds [0x0000020e80000000, 0x0000020e80c60000, 0x0000020e87530000]
CodeHeap 'non-nmethods': size=5760Kb used=1773Kb max_used=1815Kb free=3986Kb
 bounds [0x0000020e87530000, 0x0000020e877a0000, 0x0000020e87ad0000]
 total_blobs=7021 nmethods=6285 adapters=640
 compilation: enabled
              stopped_count=0, restarted_count=0
 full_count=0

Compilation events (20 events):
Event: 48.321 Thread 0x0000020eff58e110 nmethod 7378 0x0000020e801cb190 code [0x0000020e801cb320, 0x0000020e801cb498]
Event: 48.344 Thread 0x0000020eff58d140 7381       4       java.lang.invoke.MethodType::<init> (15 bytes)
Event: 48.347 Thread 0x0000020eff58d140 nmethod 7381 0x0000020e87cd0710 code [0x0000020e87cd08a0, 0x0000020e87cd0af8]
Event: 48.347 Thread 0x0000020eff58d140 7382       4       java.lang.invoke.MethodType::makeImpl (109 bytes)
Event: 48.347 Thread 0x0000020eff58e110 7385       3       java.lang.invoke.MethodType::appendParameterTypes (10 bytes)
Event: 48.347 Thread 0x0000020eff58e110 nmethod 7385 0x0000020e80716290 code [0x0000020e80716440, 0x0000020e80716608]
Event: 48.349 Thread 0x0000020eff58e110 7389       3       java.lang.invoke.LambdaForm$Name::<init> (14 bytes)
Event: 48.349 Thread 0x0000020eff58e110 nmethod 7389 0x0000020e80726f10 code [0x0000020e807270e0, 0x0000020e80727410]
Event: 48.359 Thread 0x0000020eff58e110 7390       3       java.nio.HeapByteBuffer::put (17 bytes)
Event: 48.359 Thread 0x0000020eff58e110 nmethod 7390 0x0000020e808fa290 code [0x0000020e808fa440, 0x0000020e808fa690]
Event: 48.359 Thread 0x0000020eff58e110 7391   !   3       org.apache.tomcat.util.http.parser.HttpParser::isControl (9 bytes)
Event: 48.359 Thread 0x0000020eff58e110 nmethod 7391 0x0000020e80475c90 code [0x0000020e80475e20, 0x0000020e80475f90]
Event: 48.359 Thread 0x0000020eff58e110 7393   !   3       org.apache.tomcat.util.http.parser.HttpParser::isToken (9 bytes)
Event: 48.360 Thread 0x0000020eff58e110 nmethod 7393 0x0000020e804bce90 code [0x0000020e804bd020, 0x0000020e804bd190]
Event: 48.366 Thread 0x0000020eff58e110 7394       1       org.apache.tomcat.util.http.MimeHeaderField::getName (5 bytes)
Event: 48.366 Thread 0x0000020eff58e110 nmethod 7394 0x0000020e87e96b90 code [0x0000020e87e96d20, 0x0000020e87e96de8]
Event: 48.415 Thread 0x0000020eff58e110 7395       3       java.util.logging.LogManager$LoggerContext::getGlobalLogger (6 bytes)
Event: 48.415 Thread 0x0000020eff58e110 nmethod 7395 0x0000020e8053bf90 code [0x0000020e8053c120, 0x0000020e8053c238]
Event: 48.421 Thread 0x0000020eff58e110 7396       3       org.apache.tomcat.util.buf.Ascii::toLower (14 bytes)
Event: 48.421 Thread 0x0000020eff58e110 nmethod 7396 0x0000020e80648410 code [0x0000020e806485a0, 0x0000020e806486b0]

GC Heap History (20 events):
Event: 4.200 GC heap before
{Heap before GC invocations=6 (full 0):
 garbage-first heap   total 66560K, used 39510K [0x000000008ac00000, 0x0000000100000000)
  region size 1024K, 22 young (22528K), 4 survivors (4096K)
 Metaspace       used 35493K, committed 35968K, reserved 1114112K
  class space    used 4503K, committed 4736K, reserved 1048576K
}
Event: 4.204 GC heap after
{Heap after GC invocations=7 (full 0):
 garbage-first heap   total 66560K, used 23713K [0x000000008ac00000, 0x0000000100000000)
  region size 1024K, 2 young (2048K), 2 survivors (2048K)
 Metaspace       used 35493K, committed 35968K, reserved 1114112K
  class space    used 4503K, committed 4736K, reserved 1048576K
}
Event: 5.046 GC heap before
{Heap before GC invocations=8 (full 0):
 garbage-first heap   total 66560K, used 54433K [0x000000008ac00000, 0x0000000100000000)
  region size 1024K, 32 young (32768K), 2 survivors (2048K)
 Metaspace       used 44743K, committed 45376K, reserved 1114112K
  class space    used 5792K, committed 6080K, reserved 1048576K
}
Event: 5.049 GC heap after
{Heap after GC invocations=9 (full 0):
 garbage-first heap   total 66560K, used 26253K [0x000000008ac00000, 0x0000000100000000)
  region size 1024K, 4 young (4096K), 4 survivors (4096K)
 Metaspace       used 44743K, committed 45376K, reserved 1114112K
  class space    used 5792K, committed 6080K, reserved 1048576K
}
Event: 5.711 GC heap before
{Heap before GC invocations=9 (full 0):
 garbage-first heap   total 66560K, used 54925K [0x000000008ac00000, 0x0000000100000000)
  region size 1024K, 33 young (33792K), 4 survivors (4096K)
 Metaspace       used 52936K, committed 53568K, reserved 1114112K
  class space    used 6948K, committed 7232K, reserved 1048576K
}
Event: 5.715 GC heap after
{Heap after GC invocations=10 (full 0):
 garbage-first heap   total 66560K, used 27834K [0x000000008ac00000, 0x0000000100000000)
  region size 1024K, 3 young (3072K), 3 survivors (3072K)
 Metaspace       used 52936K, committed 53568K, reserved 1114112K
  class space    used 6948K, committed 7232K, reserved 1048576K
}
Event: 6.241 GC heap before
{Heap before GC invocations=10 (full 0):
 garbage-first heap   total 66560K, used 53434K [0x000000008ac00000, 0x0000000100000000)
  region size 1024K, 29 young (29696K), 3 survivors (3072K)
 Metaspace       used 59455K, committed 60096K, reserved 1114112K
  class space    used 7876K, committed 8192K, reserved 1048576K
}
Event: 6.244 GC heap after
{Heap after GC invocations=11 (full 0):
 garbage-first heap   total 66560K, used 28829K [0x000000008ac00000, 0x0000000100000000)
  region size 1024K, 4 young (4096K), 4 survivors (4096K)
 Metaspace       used 59455K, committed 60096K, reserved 1114112K
  class space    used 7876K, committed 8192K, reserved 1048576K
}
Event: 7.767 GC heap before
{Heap before GC invocations=12 (full 0):
 garbage-first heap   total 66560K, used 56477K [0x000000008ac00000, 0x0000000100000000)
  region size 1024K, 32 young (32768K), 4 survivors (4096K)
 Metaspace       used 65416K, committed 66048K, reserved 1114112K
  class space    used 8716K, committed 9024K, reserved 1048576K
}
Event: 7.771 GC heap after
{Heap after GC invocations=13 (full 0):
 garbage-first heap   total 66560K, used 31159K [0x000000008ac00000, 0x0000000100000000)
  region size 1024K, 4 young (4096K), 4 survivors (4096K)
 Metaspace       used 65416K, committed 66048K, reserved 1114112K
  class space    used 8716K, committed 9024K, reserved 1048576K
}
Event: 8.682 GC heap before
{Heap before GC invocations=13 (full 0):
 garbage-first heap   total 66560K, used 57783K [0x000000008ac00000, 0x0000000100000000)
  region size 1024K, 30 young (30720K), 4 survivors (4096K)
 Metaspace       used 67948K, committed 68672K, reserved 1114112K
  class space    used 9200K, committed 9536K, reserved 1048576K
}
Event: 8.686 GC heap after
{Heap after GC invocations=14 (full 0):
 garbage-first heap   total 66560K, used 32382K [0x000000008ac00000, 0x0000000100000000)
  region size 1024K, 2 young (2048K), 2 survivors (2048K)
 Metaspace       used 67948K, committed 68672K, reserved 1114112K
  class space    used 9200K, committed 9536K, reserved 1048576K
}
Event: 9.001 GC heap before
{Heap before GC invocations=14 (full 0):
 garbage-first heap   total 66560K, used 57982K [0x000000008ac00000, 0x0000000100000000)
  region size 1024K, 28 young (28672K), 2 survivors (2048K)
 Metaspace       used 70678K, committed 71360K, reserved 1114112K
  class space    used 9747K, committed 10048K, reserved 1048576K
}
Event: 9.003 GC heap after
{Heap after GC invocations=15 (full 0):
 garbage-first heap   total 66560K, used 33969K [0x000000008ac00000, 0x0000000100000000)
  region size 1024K, 4 young (4096K), 4 survivors (4096K)
 Metaspace       used 70678K, committed 71360K, reserved 1114112K
  class space    used 9747K, committed 10048K, reserved 1048576K
}
Event: 9.827 GC heap before
{Heap before GC invocations=16 (full 0):
 garbage-first heap   total 66560K, used 57521K [0x000000008ac00000, 0x0000000100000000)
  region size 1024K, 27 young (27648K), 4 survivors (4096K)
 Metaspace       used 73713K, committed 74368K, reserved 1114112K
  class space    used 10130K, committed 10432K, reserved 1048576K
}
Event: 9.830 GC heap after
{Heap after GC invocations=17 (full 0):
 garbage-first heap   total 79872K, used 35908K [0x000000008ac00000, 0x0000000100000000)
  region size 1024K, 4 young (4096K), 4 survivors (4096K)
 Metaspace       used 73713K, committed 74368K, reserved 1114112K
  class space    used 10130K, committed 10432K, reserved 1048576K
}
Event: 10.645 GC heap before
{Heap before GC invocations=17 (full 0):
 garbage-first heap   total 79872K, used 69700K [0x000000008ac00000, 0x0000000100000000)
  region size 1024K, 37 young (37888K), 4 survivors (4096K)
 Metaspace       used 76365K, committed 77120K, reserved 1179648K
  class space    used 10505K, committed 10816K, reserved 1048576K
}
Event: 10.652 GC heap after
{Heap after GC invocations=18 (full 0):
 garbage-first heap   total 82944K, used 43214K [0x000000008ac00000, 0x0000000100000000)
  region size 1024K, 5 young (5120K), 5 survivors (5120K)
 Metaspace       used 76365K, committed 77120K, reserved 1179648K
  class space    used 10505K, committed 10816K, reserved 1048576K
}
Event: 10.702 GC heap before
{Heap before GC invocations=18 (full 0):
 garbage-first heap   total 82944K, used 70862K [0x000000008ac00000, 0x0000000100000000)
  region size 1024K, 32 young (32768K), 5 survivors (5120K)
 Metaspace       used 76417K, committed 77120K, reserved 1179648K
  class space    used 10507K, committed 10816K, reserved 1048576K
}
Event: 10.708 GC heap after
{Heap after GC invocations=19 (full 0):
 garbage-first heap   total 82944K, used 47724K [0x000000008ac00000, 0x0000000100000000)
  region size 1024K, 4 young (4096K), 4 survivors (4096K)
 Metaspace       used 76417K, committed 77120K, reserved 1179648K
  class space    used 10507K, committed 10816K, reserved 1048576K
}

Dll operation events (11 events):
Event: 0.011 Loaded shared library C:\Program Files\Java\jdk-21\bin\java.dll
Event: 0.040 Loaded shared library C:\Program Files\Java\jdk-21\bin\jsvml.dll
Event: 0.150 Loaded shared library C:\Program Files\Java\jdk-21\bin\net.dll
Event: 0.152 Loaded shared library C:\Program Files\Java\jdk-21\bin\nio.dll
Event: 0.155 Loaded shared library C:\Program Files\Java\jdk-21\bin\zip.dll
Event: 0.315 Loaded shared library C:\Program Files\Java\jdk-21\bin\jimage.dll
Event: 0.630 Loaded shared library C:\Program Files\Java\jdk-21\bin\management.dll
Event: 0.637 Loaded shared library C:\Program Files\Java\jdk-21\bin\management_ext.dll
Event: 1.989 Loaded shared library C:\Program Files\Java\jdk-21\bin\sunmscapi.dll
Event: 3.887 Loaded shared library C:\Program Files\Java\jdk-21\bin\verify.dll
Event: 4.836 Loaded shared library C:\Program Files\Java\jdk-21\bin\extnet.dll

Deoptimization events (20 events):
Event: 48.236 Thread 0x0000020edab4c0a0 Uncommon trap: trap_request=0xffffffc6 fr.pc=0x0000020e87de3730 relative=0x00000000000015f0
Event: 48.236 Thread 0x0000020edab4c0a0 Uncommon trap: reason=bimorphic_or_optimized_type_check action=maybe_recompile pc=0x0000020e87de3730 method=java.util.concurrent.ConcurrentHashMap.putVal(Ljava/lang/Object;Ljava/lang/Object;Z)Ljava/lang/Object; @ 242 c2
Event: 48.236 Thread 0x0000020edab4c0a0 DEOPT PACKING pc=0x0000020e87de3730 sp=0x000000c6482fdf90
Event: 48.236 Thread 0x0000020edab4c0a0 DEOPT UNPACKING pc=0x0000020e875846a2 sp=0x000000c6482fdf20 mode 2
Event: 48.236 Thread 0x0000020edab4c0a0 Uncommon trap: trap_request=0xffffff45 fr.pc=0x0000020e87e20dc4 relative=0x0000000000000284
Event: 48.236 Thread 0x0000020edab4c0a0 Uncommon trap: reason=unstable_if action=reinterpret pc=0x0000020e87e20dc4 method=java.lang.invoke.MethodType.equals(Ljava/lang/Object;)Z @ 11 c2
Event: 48.236 Thread 0x0000020edab4c0a0 DEOPT PACKING pc=0x0000020e87e20dc4 sp=0x000000c6482fde50
Event: 48.236 Thread 0x0000020edab4c0a0 DEOPT UNPACKING pc=0x0000020e875846a2 sp=0x000000c6482fde38 mode 2
Event: 48.236 Thread 0x0000020edab4c0a0 Uncommon trap: trap_request=0xffffff54 fr.pc=0x0000020e87ba4ec4 relative=0x0000000000004c24
Event: 48.236 Thread 0x0000020edab4c0a0 Uncommon trap: reason=speculate_null_assert action=make_not_entrant pc=0x0000020e87ba4ec4 method=java.lang.invoke.MethodType$ConcurrentWeakInternSet.add(Ljava/lang/Object;)Ljava/lang/Object; @ 47 c2
Event: 48.236 Thread 0x0000020edab4c0a0 DEOPT PACKING pc=0x0000020e87ba4ec4 sp=0x000000c6482fe060
Event: 48.236 Thread 0x0000020edab4c0a0 DEOPT UNPACKING pc=0x0000020e875846a2 sp=0x000000c6482fe0a8 mode 2
Event: 48.283 Thread 0x0000020edab4c0a0 Uncommon trap: trap_request=0xffffff45 fr.pc=0x0000020e87de312c relative=0x0000000000000fec
Event: 48.283 Thread 0x0000020edab4c0a0 Uncommon trap: reason=unstable_if action=reinterpret pc=0x0000020e87de312c method=java.util.concurrent.ConcurrentHashMap.putVal(Ljava/lang/Object;Ljava/lang/Object;Z)Ljava/lang/Object; @ 97 c2
Event: 48.283 Thread 0x0000020edab4c0a0 DEOPT PACKING pc=0x0000020e87de312c sp=0x000000c6482fe000
Event: 48.283 Thread 0x0000020edab4c0a0 DEOPT UNPACKING pc=0x0000020e875846a2 sp=0x000000c6482fdfa8 mode 2
Event: 48.319 Thread 0x0000020edab4c0a0 DEOPT PACKING pc=0x0000020e87ce7bf4 sp=0x000000c6482fdfe0
Event: 48.319 Thread 0x0000020edab4c0a0 DEOPT UNPACKING pc=0x0000020e87584e42 sp=0x000000c6482fd478 mode 1
Event: 48.432 Thread 0x0000020edab4c0a0 DEOPT PACKING pc=0x0000020e87ce7bf4 sp=0x000000c6482fd9b0
Event: 48.432 Thread 0x0000020edab4c0a0 DEOPT UNPACKING pc=0x0000020e87584e42 sp=0x000000c6482fce48 mode 1

Classes loaded (20 events):
Event: 48.223 Loading class sun/nio/ch/SocketChannelImpl$DefaultOptionsHolder
Event: 48.223 Loading class sun/nio/ch/SocketChannelImpl$DefaultOptionsHolder done
Event: 48.226 Loading class sun/nio/ch/SelectionKeyImpl
Event: 48.228 Loading class java/nio/channels/spi/AbstractSelectionKey
Event: 48.228 Loading class java/nio/channels/SelectionKey
Event: 48.229 Loading class java/nio/channels/SelectionKey done
Event: 48.229 Loading class java/nio/channels/spi/AbstractSelectionKey done
Event: 48.229 Loading class sun/nio/ch/SelectionKeyImpl done
Event: 48.230 Loading class java/lang/invoke/ConstantBootstraps
Event: 48.232 Loading class java/lang/invoke/ConstantBootstraps done
Event: 48.362 Loading class sun/nio/cs/ThreadLocalCoders
Event: 48.363 Loading class sun/nio/cs/ThreadLocalCoders done
Event: 48.363 Loading class sun/nio/cs/ThreadLocalCoders$1
Event: 48.364 Loading class sun/nio/cs/ThreadLocalCoders$Cache
Event: 48.364 Loading class sun/nio/cs/ThreadLocalCoders$Cache done
Event: 48.364 Loading class sun/nio/cs/ThreadLocalCoders$1 done
Event: 48.364 Loading class sun/nio/cs/ThreadLocalCoders$2
Event: 48.364 Loading class sun/nio/cs/ThreadLocalCoders$2 done
Event: 48.427 Loading class java/util/concurrent/locks/ReentrantReadWriteLock$Sync$HoldCounter
Event: 48.428 Loading class java/util/concurrent/locks/ReentrantReadWriteLock$Sync$HoldCounter done

Classes unloaded (0 events):
No events

Classes redefined (0 events):
No events

Internal exceptions (20 events):
Event: 7.752 Thread 0x0000020ed89dec10 Exception <a 'java/io/FileNotFoundException'{0x000000008cbc2ad0}> (0x000000008cbc2ad0) 
thrown [s\open\src\hotspot\share\prims\jni.cpp, line 520]
Event: 7.807 Thread 0x0000020ed89dec10 Exception <a 'java/lang/NoSuchMethodError'{0x00000000921f1928}: 'void java.lang.invoke.DirectMethodHandle$Holder.invokeVirtual(java.lang.Object, java.lang.Object, long)'> (0x00000000921f1928) 
thrown [s\open\src\hotspot\share\interpreter\linkResolver.cpp, line 773]
Event: 9.176 Thread 0x0000020ed89dec10 Exception <a 'java/lang/NoSuchMethodError'{0x000000008f5fe150}: 'int java.lang.invoke.DirectMethodHandle$Holder.invokeStaticInit(java.lang.Object, int, java.lang.Object, java.lang.Object, java.lang.Object, java.lang.Object)'> (0x000000008f5fe150) 
thrown [s\open\src\hotspot\share\interpreter\linkResolver.cpp, line 773]
Event: 9.279 Thread 0x0000020ed89dec10 Exception <a 'java/io/FileNotFoundException'{0x000000008f37d128}> (0x000000008f37d128) 
thrown [s\open\src\hotspot\share\prims\jni.cpp, line 520]
Event: 9.279 Thread 0x0000020ed89dec10 Exception <a 'java/io/FileNotFoundException'{0x000000008f386f30}> (0x000000008f386f30) 
thrown [s\open\src\hotspot\share\prims\jni.cpp, line 520]
Event: 9.280 Thread 0x0000020ed89dec10 Exception <a 'java/io/FileNotFoundException'{0x000000008f390ef0}> (0x000000008f390ef0) 
thrown [s\open\src\hotspot\share\prims\jni.cpp, line 520]
Event: 9.280 Thread 0x0000020ed89dec10 Exception <a 'java/io/FileNotFoundException'{0x000000008f39ae58}> (0x000000008f39ae58) 
thrown [s\open\src\hotspot\share\prims\jni.cpp, line 520]
Event: 9.465 Thread 0x0000020ed89dec10 Exception <a 'java/lang/NoSuchMethodError'{0x000000008dcce2a0}: 'java.lang.Object java.lang.invoke.DirectMethodHandle$Holder.newInvokeSpecial(java.lang.Object, java.lang.Object, java.lang.Object, java.lang.Object, java.lang.Object, java.lang.Object, java.lang.Object, java.lang.Object)'> (0x000000008dcce2a0) 
thrown [s\open\src\hotspot\share\interpreter\linkResolver.cpp, line 773]
Event: 9.832 Thread 0x0000020ed89dec10 Implicit null exception at 0x0000020e87efe194 to 0x0000020e87eff8f8
Event: 9.883 Thread 0x0000020ed89dec10 Exception <a 'java/lang/IncompatibleClassChangeError'{0x000000008f7217f0}: Found class java.lang.Object, but interface was expected> (0x000000008f7217f0) 
thrown [s\open\src\hotspot\share\interpreter\linkResolver.cpp, line 840]
Event: 9.950 Thread 0x0000020ed89dec10 Implicit null exception at 0x0000020e87f02df9 to 0x0000020e87f02ec8
Event: 10.204 Thread 0x0000020ed89dec10 Exception <a 'java/lang/NoSuchMethodError'{0x000000008eb90d20}: 'java.lang.Object java.lang.invoke.DirectMethodHandle$Holder.invokeInterface(java.lang.Object, java.lang.Object, java.lang.Object, java.lang.Object)'> (0x000000008eb90d20) 
thrown [s\open\src\hotspot\share\interpreter\linkResolver.cpp, line 773]
Event: 10.522 Thread 0x0000020ed89dec10 Exception <a 'java/lang/NoSuchMethodError'{0x000000008e78c148}: 'int java.lang.invoke.DirectMethodHandle$Holder.invokeStaticInit(java.lang.Object, java.lang.Object, java.lang.Object, java.lang.Object)'> (0x000000008e78c148) 
thrown [s\open\src\hotspot\share\interpreter\linkResolver.cpp, line 773]
Event: 10.563 Thread 0x0000020ed89dec10 Exception <a 'java/lang/IncompatibleClassChangeError'{0x000000008e58be70}: Found class java.lang.Object, but interface was expected> (0x000000008e58be70) 
thrown [s\open\src\hotspot\share\interpreter\linkResolver.cpp, line 840]
Event: 10.891 Thread 0x0000020ed89dec10 Exception <a 'java/lang/NoSuchMethodError'{0x000000008f7fca80}: 'java.lang.Object java.lang.invoke.Invokers$Holder.invoke_MT(java.lang.Object, java.lang.Object, java.lang.Object, java.lang.Object, java.lang.Object, java.lang.Object, java.lang.Object, java.lang.Object, java.lang.Object, java.lang.Object, java.lang.Object)'> (0x000000008f7fca80) 
thrown [s\open\src\hotspot\share\interpreter\linkResolver.cpp, line 773]
Event: 11.039 Thread 0x0000020ed89dec10 Exception <a 'java/lang/NoSuchMethodError'{0x000000008f3d19e0}: 'java.lang.Object java.lang.invoke.DirectMethodHandle$Holder.newInvokeSpecial(java.lang.Object, java.lang.Object, int, java.lang.Object, java.lang.Object)'> (0x000000008f3d19e0) 
thrown [s\open\src\hotspot\share\interpreter\linkResolver.cpp, line 773]
Event: 48.205 Thread 0x0000020ed8d8b3d0 Exception <a 'java/lang/NoSuchMethodError'{0x000000008eee8280}: 'java.lang.Object java.lang.invoke.DirectMethodHandle$Holder.invokeStatic(java.lang.Object, java.lang.Object, java.lang.Object, int, int)'> (0x000000008eee8280) 
thrown [s\open\src\hotspot\share\interpreter\linkResolver.cpp, line 773]
Event: 48.207 Thread 0x0000020ed8d8b3d0 Exception <a 'java/lang/NoSuchMethodError'{0x000000008eeeba30}: 'java.lang.Object java.lang.invoke.DirectMethodHandle$Holder.invokeStaticInit(java.lang.Object, java.lang.Object, java.lang.Object, int, int)'> (0x000000008eeeba30) 
thrown [s\open\src\hotspot\share\interpreter\linkResolver.cpp, line 773]
Event: 48.349 Thread 0x0000020edab492b0 Exception <a 'java/lang/NoSuchMethodError'{0x000000008e804ba8}: 'java.lang.Object java.lang.invoke.DirectMethodHandle$Holder.invokeSpecial(java.lang.Object, java.lang.Object, java.lang.Object, java.lang.Object, java.lang.Object, long)'> (0x000000008e804ba8) 
thrown [s\open\src\hotspot\share\interpreter\linkResolver.cpp, line 773]
Event: 48.350 Thread 0x0000020edab492b0 Exception <a 'java/lang/NoSuchMethodError'{0x000000008e808378}: 'java.lang.Object java.lang.invoke.Invokers$Holder.linkToTargetMethod(java.lang.Object, java.lang.Object, java.lang.Object, long, java.lang.Object)'> (0x000000008e808378) 
thrown [s\open\src\hotspot\share\interpreter\linkResolver.cpp, line 773]

ZGC Phase Switch (0 events):
No events

VM Operations (20 events):
Event: 10.645 Executing VM operation: G1CollectForAllocation (G1 Evacuation Pause)
Event: 10.652 Executing VM operation: G1CollectForAllocation (G1 Evacuation Pause) done
Event: 10.702 Executing VM operation: G1CollectForAllocation (G1 Evacuation Pause)
Event: 10.708 Executing VM operation: G1CollectForAllocation (G1 Evacuation Pause) done
Event: 10.727 Executing VM operation: G1PauseRemark
Event: 10.729 Executing VM operation: G1PauseRemark done
Event: 10.736 Executing VM operation: G1PauseCleanup
Event: 10.736 Executing VM operation: G1PauseCleanup done
Event: 11.740 Executing VM operation: Cleanup
Event: 11.740 Executing VM operation: Cleanup done
Event: 12.754 Executing VM operation: Cleanup
Event: 12.754 Executing VM operation: Cleanup done
Event: 14.766 Executing VM operation: Cleanup
Event: 14.766 Executing VM operation: Cleanup done
Event: 35.958 Executing VM operation: Cleanup
Event: 35.958 Executing VM operation: Cleanup done
Event: 48.408 Executing VM operation: HandshakeAllThreads (Deoptimize)
Event: 48.408 Executing VM operation: HandshakeAllThreads (Deoptimize) done
Event: 48.408 Executing VM operation: Cleanup
Event: 48.408 Executing VM operation: Cleanup done

Events (20 events):
Event: 11.028 Thread 0x0000020edab4c0a0 Thread exited: 0x0000020edab4c0a0
Event: 11.028 Thread 0x0000020edab4b380 Thread added: 0x0000020edab4b380
Event: 11.073 Thread 0x0000020edab4c0a0 Thread added: 0x0000020edab4c0a0
Event: 11.073 Thread 0x0000020edab492b0 Thread added: 0x0000020edab492b0
Event: 11.073 Thread 0x0000020edab4ba10 Thread added: 0x0000020edab4ba10
Event: 11.073 Thread 0x0000020edab49940 Thread added: 0x0000020edab49940
Event: 11.073 Thread 0x0000020edc56a760 Thread added: 0x0000020edc56a760
Event: 11.073 Thread 0x0000020ed8d8a020 Thread added: 0x0000020ed8d8a020
Event: 11.073 Thread 0x0000020ed8d885e0 Thread added: 0x0000020ed8d885e0
Event: 11.073 Thread 0x0000020ed8d8a6b0 Thread added: 0x0000020ed8d8a6b0
Event: 11.073 Thread 0x0000020ed8d8ba60 Thread added: 0x0000020ed8d8ba60
Event: 11.074 Thread 0x0000020ed8d89990 Thread added: 0x0000020ed8d89990
Event: 11.132 Thread 0x0000020ed8d8ad40 Thread added: 0x0000020ed8d8ad40
Event: 11.133 Thread 0x0000020ed8d8b3d0 Thread added: 0x0000020ed8d8b3d0
Event: 11.145 Thread 0x0000020edbe566a0 Thread added: 0x0000020edbe566a0
Event: 11.158 Thread 0x0000020ed89dec10 Thread exited: 0x0000020ed89dec10
Event: 11.172 Thread 0x0000020ed8a151c0 Thread exited: 0x0000020ed8a151c0
Event: 11.172 Thread 0x0000020ef388e2c0 Thread exited: 0x0000020ef388e2c0
Event: 11.172 Thread 0x0000020ed8d8c0f0 Thread added: 0x0000020ed8d8c0f0
Event: 11.632 Thread 0x0000020edbe566a0 Thread exited: 0x0000020edbe566a0


Dynamic libraries:
0x00007ff70a2c0000 - 0x00007ff70a2d0000 	C:\Program Files\Java\jdk-21\bin\java.exe
0x00007ffb19360000 - 0x00007ffb195c7000 	C:\WINDOWS\SYSTEM32\ntdll.dll
0x00007ffb17df0000 - 0x00007ffb17eb9000 	C:\WINDOWS\System32\KERNEL32.DLL
0x00007ffb16b90000 - 0x00007ffb16f7f000 	C:\WINDOWS\System32\KERNELBASE.dll
0x00007ffb167a0000 - 0x00007ffb168eb000 	C:\WINDOWS\System32\ucrtbase.dll
0x00007ffb0d1e0000 - 0x00007ffb0d1f9000 	C:\Program Files\Java\jdk-21\bin\jli.dll
0x00007ffb0d1a0000 - 0x00007ffb0d1bb000 	C:\Program Files\Java\jdk-21\bin\VCRUNTIME140.dll
0x00007ffb17cd0000 - 0x00007ffb17d84000 	C:\WINDOWS\System32\ADVAPI32.dll
0x00007ffb17560000 - 0x00007ffb17609000 	C:\WINDOWS\System32\msvcrt.dll
0x00007ffb17bb0000 - 0x00007ffb17c56000 	C:\WINDOWS\System32\sechost.dll
0x00007ffb18a50000 - 0x00007ffb18b68000 	C:\WINDOWS\System32\RPCRT4.dll
0x00007ffb190d0000 - 0x00007ffb19295000 	C:\WINDOWS\System32\USER32.dll
0x00007ffb16a30000 - 0x00007ffb16a57000 	C:\WINDOWS\System32\win32u.dll
0x00007ffb02f80000 - 0x00007ffb03213000 	C:\WINDOWS\WinSxS\amd64_microsoft.windows.common-controls_6595b64144ccf1df_6.0.26100.7309_none_3e05feeae336a044\COMCTL32.dll
0x00007ffb176e0000 - 0x00007ffb1770b000 	C:\WINDOWS\System32\GDI32.dll
0x00007ffb16a60000 - 0x00007ffb16b8c000 	C:\WINDOWS\System32\gdi32full.dll
0x00007ffb168f0000 - 0x00007ffb16993000 	C:\WINDOWS\System32\msvcp_win.dll
0x00007ffb0c650000 - 0x00007ffb0c65b000 	C:\WINDOWS\SYSTEM32\VERSION.dll
0x00007ffb17110000 - 0x00007ffb17141000 	C:\WINDOWS\System32\IMM32.DLL
0x00007ffb10530000 - 0x00007ffb1053c000 	C:\Program Files\Java\jdk-21\bin\vcruntime140_1.dll
0x00007ffad2df0000 - 0x00007ffad2e7e000 	C:\Program Files\Java\jdk-21\bin\msvcp140.dll
0x00007ffab9e10000 - 0x00007ffabab28000 	C:\Program Files\Java\jdk-21\bin\server\jvm.dll
0x00007ffb192a0000 - 0x00007ffb19314000 	C:\WINDOWS\System32\WS2_32.dll
0x00007ffb16310000 - 0x00007ffb1636e000 	C:\WINDOWS\SYSTEM32\POWRPROF.dll
0x00007ffb03320000 - 0x00007ffb03355000 	C:\WINDOWS\SYSTEM32\WINMM.dll
0x00007ffb162f0000 - 0x00007ffb16304000 	C:\WINDOWS\SYSTEM32\UMPDC.dll
0x00007ffb15260000 - 0x00007ffb1527b000 	C:\WINDOWS\SYSTEM32\kernel.appcore.dll
0x00007ffb0de10000 - 0x00007ffb0de1a000 	C:\Program Files\Java\jdk-21\bin\jimage.dll
0x00007ffb0dbb0000 - 0x00007ffb0ddf2000 	C:\WINDOWS\SYSTEM32\DBGHELP.DLL
0x00007ffb17150000 - 0x00007ffb174d5000 	C:\WINDOWS\System32\combase.dll
0x00007ffb18810000 - 0x00007ffb188e6000 	C:\WINDOWS\System32\OLEAUT32.dll
0x00007ffb02ed0000 - 0x00007ffb02f0c000 	C:\WINDOWS\SYSTEM32\dbgcore.DLL
0x00007ffb166f0000 - 0x00007ffb16795000 	C:\WINDOWS\System32\bcryptPrimitives.dll
0x00007ffb0d160000 - 0x00007ffb0d19c000 	C:\Program Files\Java\jdk-21\bin\jdwp.dll
0x00007ffb06550000 - 0x00007ffb0656f000 	C:\Program Files\Java\jdk-21\bin\java.dll
0x00007ffb17ec0000 - 0x00007ffb18613000 	C:\WINDOWS\System32\SHELL32.dll
0x00007ffb16f90000 - 0x00007ffb170fa000 	C:\WINDOWS\System32\wintypes.dll
0x00007ffb140d0000 - 0x00007ffb1492e000 	C:\WINDOWS\SYSTEM32\windows.storage.dll
0x00007ffb18900000 - 0x00007ffb189f5000 	C:\WINDOWS\System32\SHCORE.dll
0x00007ffb17c60000 - 0x00007ffb17cc6000 	C:\WINDOWS\System32\shlwapi.dll
0x00007ffb163a0000 - 0x00007ffb163c9000 	C:\WINDOWS\SYSTEM32\profapi.dll
0x00007ffad2d10000 - 0x00007ffad2de7000 	C:\Program Files\Java\jdk-21\bin\jsvml.dll
0x00007ffb0d1d0000 - 0x00007ffb0d1dc000 	C:\Program Files\Java\jdk-21\bin\dt_socket.dll
0x00007ffb14c70000 - 0x00007ffb14ca4000 	C:\WINDOWS\SYSTEM32\IPHLPAPI.DLL
0x00007ffb157d0000 - 0x00007ffb1583b000 	C:\WINDOWS\system32\mswsock.dll
0x00007ffb06540000 - 0x00007ffb06550000 	C:\Program Files\Java\jdk-21\bin\net.dll
0x00007ffb11240000 - 0x00007ffb11368000 	C:\WINDOWS\SYSTEM32\WINHTTP.dll
0x00007ffb06520000 - 0x00007ffb06536000 	C:\Program Files\Java\jdk-21\bin\nio.dll
0x00007ffb064b0000 - 0x00007ffb064c8000 	C:\Program Files\Java\jdk-21\bin\zip.dll
0x00007ffb064a0000 - 0x00007ffb064aa000 	C:\Program Files\Java\jdk-21\bin\management.dll
0x00007ffb06490000 - 0x00007ffb0649b000 	C:\Program Files\Java\jdk-21\bin\management_ext.dll
0x00007ffb17ba0000 - 0x00007ffb17ba8000 	C:\WINDOWS\System32\PSAPI.DLL
0x00007ffb06320000 - 0x00007ffb0632e000 	C:\Program Files\Java\jdk-21\bin\sunmscapi.dll
0x00007ffb16570000 - 0x00007ffb166e7000 	C:\WINDOWS\System32\CRYPT32.dll
0x00007ffb15cb0000 - 0x00007ffb15ce0000 	C:\WINDOWS\SYSTEM32\ncrypt.dll
0x00007ffb15c60000 - 0x00007ffb15c9f000 	C:\WINDOWS\SYSTEM32\NTASN1.dll
0x00007ffb15a90000 - 0x00007ffb15aab000 	C:\WINDOWS\SYSTEM32\CRYPTSP.dll
0x00007ffb151c0000 - 0x00007ffb151fa000 	C:\WINDOWS\system32\rsaenh.dll
0x00007ffb15880000 - 0x00007ffb158ab000 	C:\WINDOWS\SYSTEM32\USERENV.dll
0x00007ffb163d0000 - 0x00007ffb163fa000 	C:\WINDOWS\SYSTEM32\bcrypt.dll
0x00007ffb15ab0000 - 0x00007ffb15abc000 	C:\WINDOWS\SYSTEM32\CRYPTBASE.dll
0x00007ffb17100000 - 0x00007ffb1710a000 	C:\WINDOWS\System32\NSI.dll
0x00007ffb06310000 - 0x00007ffb06320000 	C:\Program Files\Java\jdk-21\bin\verify.dll
0x00007ffb14d00000 - 0x00007ffb14e2c000 	C:\WINDOWS\SYSTEM32\DNSAPI.dll
0x00007ffb10e50000 - 0x00007ffb10e5b000 	C:\Windows\System32\rasadhlp.dll
0x00007ffb12270000 - 0x00007ffb122f6000 	C:\WINDOWS\System32\fwpuclnt.dll
0x00007ffb062e0000 - 0x00007ffb062e9000 	C:\Program Files\Java\jdk-21\bin\extnet.dll
0x00007ffb05600000 - 0x00007ffb05608000 	C:\WINDOWS\system32\wshunix.dll

dbghelp: loaded successfully - version: 4.0.5 - missing functions: none
symbol engine: initialized successfully - sym options: 0x614 - pdb path: .;C:\Program Files\Java\jdk-21\bin;C:\WINDOWS\SYSTEM32;C:\WINDOWS\WinSxS\amd64_microsoft.windows.common-controls_6595b64144ccf1df_6.0.26100.7309_none_3e05feeae336a044;C:\Program Files\Java\jdk-21\bin\server

VM Arguments:
jvm_args: -agentlib:jdwp=transport=dt_socket,address=127.0.0.1:56354,suspend=y,server=n -Dfile.encoding=UTF-8 -Dsun.stdout.encoding=UTF-8 -Dsun.stderr.encoding=UTF-8 
java_command: com.dentpulse.dentalsystem.DentpulseBackendApplication
java_class_path (initial): E:\projectss\Backend\dentpulse-backend\target\classes;C:\Users\user\.m2\repository\org\springframework\boot\spring-boot-starter-data-jpa\3.5.8\spring-boot-starter-data-jpa-3.5.8.jar;C:\Users\user\.m2\repository\org\springframework\boot\spring-boot-starter\3.5.8\spring-boot-starter-3.5.8.jar;C:\Users\user\.m2\repository\org\springframework\boot\spring-boot-starter-logging\3.5.8\spring-boot-starter-logging-3.5.8.jar;C:\Users\user\.m2\repository\ch\qos\logback\logback-classic\1.5.21\logback-classic-1.5.21.jar;C:\Users\user\.m2\repository\ch\qos\logback\logback-core\1.5.21\logback-core-1.5.21.jar;C:\Users\user\.m2\repository\org\apache\logging\log4j\log4j-to-slf4j\2.24.3\log4j-to-slf4j-2.24.3.jar;C:\Users\user\.m2\repository\org\apache\logging\log4j\log4j-api\2.24.3\log4j-api-2.24.3.jar;C:\Users\user\.m2\repository\org\slf4j\jul-to-slf4j\2.0.17\jul-to-slf4j-2.0.17.jar;C:\Users\user\.m2\repository\org\yaml\snakeyaml\2.4\snakeyaml-2.4.jar;C:\Users\user\.m2\repository\org\springframework\boot\spring-boot-starter-jdbc\3.5.8\spring-boot-starter-jdbc-3.5.8.jar;C:\Users\user\.m2\repository\com\zaxxer\HikariCP\6.3.3\HikariCP-6.3.3.jar;C:\Users\user\.m2\repository\org\springframework\spring-jdbc\6.2.14\spring-jdbc-6.2.14.jar;C:\Users\user\.m2\repository\org\hibernate\orm\hibernate-core\6.6.36.Final\hibernate-core-6.6.36.Final.jar;C:\Users\user\.m2\repository\jakarta\persistence\jakarta.persistence-api\3.1.0\jakarta.persistence-api-3.1.0.jar;C:\Users\user\.m2\repository\jakarta\transaction\jakarta.transaction-api\2.0.1\jakarta.transaction-api-2.0.1.jar;C:\Users\user\.m2\repository\org\jboss\logging\jboss-logging\3.6.1.Final\jboss-logging-3.6.1.Final.jar;C:\Users\user\.m2\repository\org\hibernate\common\hibernate-commons-annotations\7.0.3.Final\hibernate-commons-annotations-7.0.3.Final.jar;C:\Users\user\.m2\repository\io\smallrye\jandex\3.2.0\jandex-3.2.0.jar;C:\Users\user\.m2\repository\com\fasterxml\classmate\1.7.1\classmate-1.7.1.jar;C:\Users\user\.m2\repository\net\bytebuddy\byte-buddy\1.17.8\byte-buddy-1.17.8.jar;C:\Users\user\.m2\repository\org\glassfish\jaxb\jaxb-runtime\4.0.6\jaxb-runtime-4.0.6.jar;C:\Users\user\.m2\repository\org\glassfish\jaxb\jaxb-core\4.0.6\jaxb-core-4.0.6.jar;C:\Users\user\.m2\repository\org\glassfish\jaxb\txw2\4.0.6\txw2-4.0.6.jar;C:\Users\user\.m2\repository\com\sun\istack\istack-commons-runtime\4.1.2\istack-commons-runtime-4.1.2.jar;C:\Users\user\.m2\repository\jakarta\inject\jakarta.inject-api\2.0.1\jakarta.inject-api-2.0.1.jar;C:\Users\user\.m2\repository\org\antlr\antlr4-runtime\4.13.0\antlr4-runtime-4.13.0.jar;C:\Users\user\.m2\repository\org\springframework\data\spring-data-jpa\3.5.6\spring-data-jpa-3.5.6.jar;C:\Users\user\.m2\repository\org\springframework\data\spring-data-commons\3.5.6\spring-data-commons-3.5.6.jar;C:\Users\user\.m2\repository\org\springframework\spring-orm\6.2.14\spring-orm-6.2.14.jar;C:\Users\user\.m2\repository\org\springframework\spring-context\6.2.14\spring-context-6.2.14.jar;C:\Users\user\.m2\repository\org\springframework\spring-tx\6.2.14\spring-tx-6.2.14.jar;C:\Users\user\.m2\repository\org\springframework\spring-beans\6.2.14\spring-beans-6.2.14.jar;C:\Users\user\.m2\repository\org\slf4j\slf4j-api\2.0.17\slf4j-api-2.0.17.jar;C:\Users\user\.m2\repository\org\springframework\spring-aspects\6.2.14\spring-aspects-6.2.14.jar;C:\Users\user\.m2\repository\org\aspectj\aspectjweaver\1.9.25\aspectjweaver-1.9.25.jar;C:\Users\user\.m2\repository\org\springframework\boot\spring-boot-starter-security\3.5.8\spring-boot-starter-security-3.5.8.jar;C:\Users\user\.m2\repository\org\springframework\spring-aop\6.2.14\spring-aop-6.2.14.jar;C:\Users\user\.m2\repository\org\springframework\security\spring-security-config\6.5.7\spring-security-config-6.5.7.jar;C:\Users\user\.m2\repository\org\springframework\security\spring-security-web\6.5.7\spring-security-web-6.5.7.jar;C:\Users\user\.m2\repository\org\springframework\spring-expression\6.2.14\spring-expression-6.2.14.jar;C:\Users\user\.m2\repository\org\springframework\boot\spring-boot-starter-validation\3.5.8\spring-boot-starter-validation-3.5.8.jar;C:\Users\user\.m2\repository\org\apache\tomcat\embed\tomcat-embed-el\10.1.49\tomcat-embed-el-10.1.49.jar;C:\Users\user\.m2\repository\org\hibernate\validator\hibernate-validator\8.0.3.Final\hibernate-validator-8.0.3.Final.jar;C:\Users\user\.m2\repository\jakarta\validation\jakarta.validation-api\3.0.2\jakarta.validation-api-3.0.2.jar;C:\Users\user\.m2\repository\org\springframework\boot\spring-boot-starter-web\3.5.8\spring-boot-starter-web-3.5.8.jar;C:\Users\user\.m2\repository\org\springframework\boot\spring-boot-starter-json\3.5.8\spring-boot-starter-json-3.5.8.jar;C:\Users\user\.m2\repository\com\fasterxml\jackson\datatype\jackson-datatype-jdk8\2.19.4\jackson-datatype-jdk8-2.19.4.jar;C:\Users\user\.m2\repository\com\fasterxml\jackson\datatype\jackson-datatype-jsr310\2.19.4\jackson-datatype-jsr310-2.19.4.jar;C:\Users\user\.m2\repository\com\fasterxml\jackson\module\jackson-module-parameter-names\2.19.4\jackson-module-parameter-names-2.19.4.jar;C:\Users\user\.m2\repository\org\springframework\spring-web\6.2.14\spring-web-6.2.14.jar;C:\Users\user\.m2\repository\io\micrometer\micrometer-observation\1.15.6\micrometer-observation-1.15.6.jar;C:\Users\user\.m2\repository\io\micrometer\micrometer-commons\1.15.6\micrometer-commons-1.15.6.jar;C:\Users\user\.m2\repository\org\springframework\spring-webmvc\6.2.14\spring-webmvc-6.2.14.jar;C:\Users\user\.m2\repository\org\springframework\boot\spring-boot-devtools\3.5.8\spring-boot-devtools-3.5.8.jar;C:\Users\user\.m2\repository\org\springframework\boot\spring-boot\3.5.8\spring-boot-3.5.8.jar;C:\Users\user\.m2\repository\org\springframework\boot\spring-boot-autoconfigure\3.5.8\spring-boot-autoconfigure-3.5.8.jar;C:\Users\user\.m2\repository\com\mysql\mysql-connector-j\9.5.0\mysql-connector-j-9.5.0.jar;C:\Users\user\.m2\repository\org\projectlombok\lombok\1.18.32\lombok-1.18.32.jar;C:\Users\user\.m2\repository\org\springframework\boot\spring-boot-starter-tomcat\3.5.8\spring-boot-starter-tomcat-3.5.8.jar;C:\Users\user\.m2\repository\jakarta\annotation\jakarta.annotation-api\2.1.1\jakarta.annotation-api-2.1.1.jar;C:\Users\user\.m2\repository\org\apache\tomcat\embed\tomcat-embed-core\10.1.49\tomcat-embed-core-10.1.49.jar;C:\Users\user\.m2\repository\org\apache\tomcat\embed\tomcat-embed-websocket\10.1.49\tomcat-embed-websocket-10.1.49.jar;C:\Users\user\.m2\repository\jakarta\xml\bind\jakarta.xml.bind-api\4.0.4\jakarta.xml.bind-api-4.0.4.jar;C:\Users\user\.m2\repository\jakarta\activation\jakarta.activation-api\2.1.4\jakarta.activation-api-2.1.4.jar;C:\Users\user\.m2\repository\org\springframework\spring-core\6.2.14\spring-core-6.2.14.jar;C:\Users\user\.m2\repository\org\springframework\spring-jcl\6.2.14\spring-jcl-6.2.14.jar;C:\Users\user\.m2\repository\org\springframework\security\spring-security-core\6.5.7\spring-security-core-6.5.7.jar;C:\Users\user\.m2\repository\org\springframework\security\spring-security-crypto\6.5.7\spring-security-crypto-6.5.7.jar;C:\Users\user\.m2\repository\io\jsonwebtoken\jjwt-api\0.11.5\jjwt-api-0.11.5.jar;C:\Users\user\.m2\repository\io\jsonwebtoken\jjwt-impl\0.11.5\jjwt-impl-0.11.5.jar;C:\Users\user\.m2\repository\io\jsonwebtoken\jjwt-jackson\0.11.5\jjwt-jackson-0.11.5.jar;C:\Users\user\.m2\repository\com\fasterxml\jackson\core\jackson-databind\2.19.4\jackson-databind-2.19.4.jar;C:\Users\user\.m2\repository\com\fasterxml\jackson\core\jackson-annotations\2.19.4\jackson-annotations-2.19.4.jar;C:\Users\user\.m2\repository\com\fasterxml\jackson\core\jackson-core\2.19.4\jackson-core-2.19.4.jar;C:\Users\user\.m2\repository\org\modelmapper\modelmapper\2.4.4\modelmapper-2.4.4.jar;C:\Users\user\.m2\repository\org\springframework\boot\spring-boot-starter-mail\3.5.8\spring-boot-starter-mail-3.5.8.jar;C:\Users\user\.m2\repository\org\springframework\spring-context-support\6.2.14\spring-context-support-6.2.14.jar;C:\Users\user\.m2\repository\org\eclipse\angus\jakarta.mail\2.0.5\jakarta.mail-2.0.5.jar;C:\Users\user\.m2\repository\org\eclipse\angus\angus-activation\2.0.3\angus-activation-2.0.3.jar;C:\Users\user\.m2\repository\com\google\api-client\google-api-client\2.2.0\google-api-client-2.2.0.jar;C:\Users\user\.m2\repository\commons-codec\commons-codec\1.18.0\commons-codec-1.18.0.jar;C:\Users\user\.m2\repository\com\google\oauth-client\google-oauth-client\1.34.1\google-oauth-client-1.34.1.jar;C:\Users\user\.m2\repository\com\google\http-client\google-http-client-gson\1.42.3\google-http-client-gson-1.42.3.jar;C:\Users\user\.m2\repository\com\google\code\gson\gson\2.13.2\gson-2.13.2.jar;C:\Users\user\.m2\repository\com\google\guava\guava\31.1-jre\guava-31.1-jre.jar;C:\Users\user\.m2\repository\com\google\guava\failureaccess\1.0.1\failureaccess-1.0.1.jar;C:\Users\user\.m2\repository\com\google\guava\listenablefuture\9999.0-empty-to-avoid-conflict-with-guava\listenablefuture-9999.0-empty-to-avoid-conflict-with-guava.jar;C:\Users\user\.m2\repository\org\checkerframework\checker-qual\3.12.0\checker-qual-3.12.0.jar;C:\Users\user\.m2\repository\com\google\j2objc\j2objc-annotations\1.3\j2objc-annotations-1.3.jar;C:\Users\user\.m2\repository\com\google\http-client\google-http-client-apache-v2\1.42.3\google-http-client-apache-v2-1.42.3.jar;C:\Users\user\.m2\repository\org\apache\httpcomponents\httpcore\4.4.16\httpcore-4.4.16.jar;C:\Users\user\.m2\repository\org\apache\httpcomponents\httpclient\4.5.14\httpclient-4.5.14.jar;C:\Users\user\.m2\repository\commons-logging\commons-logging\1.2\commons-logging-1.2.jar;C:\Users\user\.m2\repository\com\google\http-client\google-http-client\1.42.3\google-http-client-1.42.3.jar;C:\Users\user\.m2\repository\io\opencensus\opencensus-api\0.31.1\opencensus-api-0.31.1.jar;C:\Users\user\.m2\repository\io\grpc\grpc-context\1.27.2\grpc-context-1.27.2.jar;C:\Users\user\.m2\repository\io\opencensus\opencensus-contrib-http-util\0.31.1\opencensus-contrib-http-util-0.31.1.jar;C:\Users\user\.m2\repository\com\google\auth\google-auth-library-oauth2-http\1.23.0\google-auth-library-oauth2-http-1.23.0.jar;C:\Users\user\.m2\repository\com\google\auto\value\auto-value-annotations\1.10.4\auto-value-annotations-1.10.4.jar;C:\Users\user\.m2\repository\com\google\code\findbugs\jsr305\3.0.2\jsr305-3.0.2.jar;C:\Users\user\.m2\repository\com\google\auth\google-auth-library-credentials\1.23.0\google-auth-library-credentials-1.23.0.jar;C:\Users\user\.m2\repository\com\google\errorprone\error_prone_annotations\2.18.0\error_prone_annotations-2.18.0.jar;C:\Program Files\JetBrains\IntelliJ IDEA Community Edition 2022.3.2\lib\idea_rt.jar
Launcher Type: SUN_STANDARD

[Global flags]
     intx CICompilerCount                          = 4                                         {product} {ergonomic}
     uint ConcGCThreads                            = 3                                         {product} {ergonomic}
     uint G1ConcRefinementThreads                  = 10                                        {product} {ergonomic}
   size_t G1HeapRegionSize                         = 1048576                                   {product} {ergonomic}
    uintx GCDrainStackTargetSize                   = 64                                        {product} {ergonomic}
   size_t InitialHeapSize                          = 123731968                                 {product} {ergonomic}
   size_t MarkStackSize                            = 4194304                                   {product} {ergonomic}
   size_t MaxHeapSize                              = 1967128576                                {product} {ergonomic}
   size_t MaxNewSize                               = 1179648000                                {product} {ergonomic}
   size_t MinHeapDeltaBytes                        = 1048576                                   {product} {ergonomic}
   size_t MinHeapSize                              = 8388608                                   {product} {ergonomic}
    uintx NonNMethodCodeHeapSize                   = 5839372                                {pd product} {ergonomic}
    uintx NonProfiledCodeHeapSize                  = 122909434                              {pd product} {ergonomic}
    uintx ProfiledCodeHeapSize                     = 122909434                              {pd product} {ergonomic}
    uintx ReservedCodeCacheSize                    = 251658240                              {pd product} {ergonomic}
     bool SegmentedCodeCache                       = true                                      {product} {ergonomic}
   size_t SoftMaxHeapSize                          = 1967128576                             {manageable} {ergonomic}
     bool UseCompressedOops                        = true                           {product lp64_product} {ergonomic}
     bool UseG1GC                                  = true                                      {product} {ergonomic}
     bool UseLargePagesIndividualAllocation        = false                                  {pd product} {ergonomic}

Logging:
Log output configuration:
 #0: stdout all=warning uptime,level,tags foldmultilines=false
 #1: stderr all=off uptime,level,tags foldmultilines=false

Environment Variables:
JAVA_HOME=C:\Program Files\Java\jdk-21
PATH=C:\Program Files\Java\jdk-21\bin;C:\Program Files\Common Files\Oracle\Java\javapath;C:\Program Files (x86)\Common Files\Oracle\Java\javapath;C:\WINDOWS\system32;C:\WINDOWS;C:\WINDOWS\System32\Wbem;C:\WINDOWS\System32\WindowsPowerShell\v1.0\;C:\WINDOWS\System32\OpenSSH\;C:\Program Files\Git\cmd;C:\Users\user\AppData\Roaming\nvm;C:\Program Files\nodejs;C:\Program Files\nodejs;C:\Users\user\AppData\Roaming\npm;C:\Program Files\CodeBlocks\MinGW\bin;C:\Program Files\Microsoft SQL Server\150\Tools\Binn\;C:\Program Files\Microsoft SQL Server\Client SDK\ODBC\170\Tools\Binn\;C:\Program Files\dotnet\;C:\Program Files (x86)\Windows Kits\10\Windows Performance Toolkit\;C:\xampp\php;C:\ProgramData\ComposerSetup\bin;C:\xampp\mysql\bin;C:\Users\user\AppData\Local\Programs\Python\Python311\Scripts\;C:\Users\user\AppData\Local\Programs\Python\Python311\;C:\Program Files\MySQL\MySQL Shell 8.0\bin\;C:\Users\user\AppData\Local\Microsoft\WindowsApps;C:\Users\user\AppData\Local\Programs\Microsoft VS Code\bin;C:\Program Files\Java\jdk1.8.0_202\bin;C:\Users\user\AppData\Roaming\npm;C:\flutter\bin;C:\Users\user\AppData\Roaming\nvm;C:\Program Files\nodejs;C:\Program Files\CodeBlocks\MinGW\bin;C:\Users\user\.dotnet\tools;C:\Users\user\AppData\Local\GitHubDesktop\bin;C:\Users\user\AppData\Roaming\Composer\vendor\bin
USERNAME=user
OS=Windows_NT
PROCESSOR_IDENTIFIER=AMD64 Family 23 Model 104 Stepping 1, AuthenticAMD
TMP=C:\Users\user\AppData\Local\Temp
TEMP=C:\Users\user\AppData\Local\Temp




Periodic native trim disabled

---------------  S Y S T E M  ---------------

OS:
 Windows 11 , 64 bit Build 26100 (10.0.26100.7309)
OS uptime: 6 days 23:47 hours

CPU: total 12 (initial active 12) (12 cores per cpu, 2 threads per core) family 23 model 104 stepping 1 microcode 0x8608109, cx8, cmov, fxsr, ht, mmx, 3dnowpref, sse, sse2, sse3, ssse3, sse4a, sse4.1, sse4.2, popcnt, lzcnt, tsc, tscinvbit, avx, avx2, aes, clmul, bmi1, bmi2, adx, sha, fma, vzeroupper, clflush, clflushopt, rdtscp, rdpid, f16c
Processor Information for all 12 processors :
  Max Mhz: 2100, Current Mhz: 2100, Mhz Limit: 2100

Memory: 4k page, system-wide physical 7501M (549M free)
TotalPageFile size 30029M (AvailPageFile size 7M)
current process WorkingSet (physical memory assigned to process): 118M, peak: 341M
current process commit charge ("private bytes"): 341M, peak: 381M

vm_info: Java HotSpot(TM) 64-Bit Server VM (21.0.5+9-LTS-239) for windows-amd64 JRE (21.0.5+9-LTS-239), built on 2024-09-30T05:17:38Z by "mach5one" with MS VC++ 17.6 (VS2022)

END.
